<?xml version="1.0" encoding="UTF-8"?>
<!-- Generated by org.testng.reporters.JUnitReportReporter -->
<testsuite hostname="DAKAEV_NOTEBOOK" failures="0" tests="1" name="testLogin.testingLogin" time="9.763" errors="0" timestamp="2021-05-15T21:49:03 AEST" skipped="0">
  <testcase classname="testLogin.testingLogin" name="createNewAcc_Test" time="9.763"/>
  <system-out/>
</testsuite> <!-- testLogin.testingLogin -->
