<?xml version="1.0" encoding="UTF-8"?>
<!-- Generated by org.testng.reporters.JUnitReportReporter -->
<testsuite hostname="DAKAEV_NOTEBOOK" failures="0" tests="3" name="testLogin.testingLogin" time="25.031" errors="0" timestamp="2021-05-15T21:37:06 AEST" skipped="0">
  <testcase classname="testLogin.testingLogin" name="login_Test_Succesful" time="8.171"/>
  <system-out/>
  <testcase classname="testLogin.testingLogin" name="createNewAcc_Test" time="8.552"/>
  <system-out/>
  <testcase classname="testLogin.testingLogin" name="createNewAcc_Test_ExistingAcc" time="8.308"/>
  <system-out/>
</testsuite> <!-- testLogin.testingLogin -->
